Added Component: Designator=P1(HDR2X14_CEN)
Added Component: Designator=R1(AXIAL-0.5)
Added Component: Designator=R2(AXIAL-0.5)
Added Component: Designator=R3(AXIAL-0.5)
Added Component: Designator=R4(AXIAL-0.5)
Added Component: Designator=U1(ARDUINO_MEGA-PRO-3.3V)
Added Component: Designator=U2(21-0055H_24)
Added Component: Designator=U3(D8)
Added Pin To Net: NetName=3V3_I Pin=P1-11
Added Pin To Net: NetName=3V3_I Pin=U2-11
Added Net: Name=3V3_I
Added Pin To Net: NetName=3V3_V_ATT Pin=U2-12
Added Pin To Net: NetName=3V3_V_ATT Pin=U3-1
Added Pin To Net: NetName=3V3_V_ATT Pin=U3-2
Added Net: Name=3V3_V_ATT
Added Pin To Net: NetName=3V3_V Pin=P1-12
Added Pin To Net: NetName=3V3_V Pin=R2-2
Added Net: Name=3V3_V
Added Pin To Net: NetName=12V_I Pin=P1-13
Added Pin To Net: NetName=12V_I Pin=U2-13
Added Net: Name=12V_I
Added Pin To Net: NetName=12V_V_ATT Pin=U2-14
Added Pin To Net: NetName=12V_V_ATT Pin=U3-6
Added Pin To Net: NetName=12V_V_ATT Pin=U3-7
Added Net: Name=12V_V_ATT
Added Pin To Net: NetName=12V_V Pin=P1-14
Added Pin To Net: NetName=12V_V Pin=R1-2
Added Net: Name=12V_V
Added Pin To Net: NetName=BANKA_I Pin=P1-1
Added Pin To Net: NetName=BANKA_I Pin=U2-1
Added Net: Name=BANKA_I
Added Pin To Net: NetName=BANKA_V Pin=P1-2
Added Pin To Net: NetName=BANKA_V Pin=U2-2
Added Net: Name=BANKA_V
Added Pin To Net: NetName=BANKB_I Pin=P1-3
Added Pin To Net: NetName=BANKB_I Pin=U2-3
Added Net: Name=BANKB_I
Added Pin To Net: NetName=BANKB_V Pin=P1-4
Added Pin To Net: NetName=BANKB_V Pin=U2-4
Added Net: Name=BANKB_V
Added Pin To Net: NetName=BANKC_I Pin=P1-5
Added Pin To Net: NetName=BANKC_I Pin=U2-5
Added Net: Name=BANKC_I
Added Pin To Net: NetName=BANKC_V Pin=P1-6
Added Pin To Net: NetName=BANKC_V Pin=U2-6
Added Net: Name=BANKC_V
Added Pin To Net: NetName=FPGA_I Pin=P1-7
Added Pin To Net: NetName=FPGA_I Pin=U2-7
Added Net: Name=FPGA_I
Added Pin To Net: NetName=FPGA_V Pin=P1-8
Added Pin To Net: NetName=FPGA_V Pin=U2-8
Added Net: Name=FPGA_V
Added Pin To Net: NetName=GND Pin=P1-15
Added Pin To Net: NetName=GND Pin=P1-16
Added Pin To Net: NetName=GND Pin=P1-17
Added Pin To Net: NetName=GND Pin=P1-18
Added Pin To Net: NetName=GND Pin=P1-19
Added Pin To Net: NetName=GND Pin=P1-20
Added Pin To Net: NetName=GND Pin=P1-21
Added Pin To Net: NetName=GND Pin=P1-22
Added Pin To Net: NetName=GND Pin=P1-23
Added Pin To Net: NetName=GND Pin=P1-24
Added Pin To Net: NetName=GND Pin=P1-25
Added Pin To Net: NetName=GND Pin=P1-26
Added Pin To Net: NetName=GND Pin=P1-27
Added Pin To Net: NetName=GND Pin=P1-28
Added Pin To Net: NetName=GND Pin=R3-1
Added Pin To Net: NetName=GND Pin=R4-1
Added Pin To Net: NetName=GND Pin=U1-GND@0
Added Pin To Net: NetName=GND Pin=U1-GND@1
Added Pin To Net: NetName=GND Pin=U1-GND@2
Added Pin To Net: NetName=GND Pin=U1-GND@3
Added Pin To Net: NetName=GND Pin=U1-GND@4
Added Pin To Net: NetName=GND Pin=U2-18
Added Pin To Net: NetName=GND Pin=U3-4
Added Net: Name=GND
Added Pin To Net: NetName=NetR1_1 Pin=R1-1
Added Pin To Net: NetName=NetR1_1 Pin=R3-2
Added Pin To Net: NetName=NetR1_1 Pin=U3-5
Added Net: Name=NetR1_1
Added Pin To Net: NetName=NetR2_1 Pin=R2-1
Added Pin To Net: NetName=NetR2_1 Pin=R4-2
Added Pin To Net: NetName=NetR2_1 Pin=U3-3
Added Net: Name=NetR2_1
Added Pin To Net: NetName=SDRAM_I Pin=P1-9
Added Pin To Net: NetName=SDRAM_I Pin=U2-9
Added Net: Name=SDRAM_I
Added Pin To Net: NetName=SDRAM_V Pin=P1-10
Added Pin To Net: NetName=SDRAM_V Pin=U2-10
Added Net: Name=SDRAM_V
Added Pin To Net: NetName=VCC Pin=U1-5V@0
Added Pin To Net: NetName=VCC Pin=U1-5V@1
Added Pin To Net: NetName=VCC Pin=U1-5V@2
Added Pin To Net: NetName=VCC Pin=U2-19
Added Pin To Net: NetName=VCC Pin=U3-8
Added Net: Name=VCC
Added Class: Name=Sheet1
Added Room: Name=Sheet1
