Removed Pin From Net: NetName=BANKA_I Pin=U2-1
Removed Pin From Net: NetName=BANKA_V Pin=U2-2
Removed Pin From Net: NetName=BANKB_I Pin=U2-3
Removed Pin From Net: NetName=BANKB_V Pin=U2-4
Removed Pin From Net: NetName=BANKC_I Pin=U2-5
Removed Pin From Net: NetName=BANKC_V Pin=U2-6
Removed Pin From Net: NetName=FPGA_I Pin=U2-7
Removed Pin From Net: NetName=FPGA_V Pin=U2-8
Removed Pin From Net: NetName=SDRAM_I Pin=U2-9
Removed Pin From Net: NetName=SDRAM_V Pin=U2-10
Removed Pin From Net: NetName=3V3_I Pin=U2-11
Removed Pin From Net: NetName=12V_I Pin=U2-13
Removed Pin From Net: NetName=VCC Pin=U2-19
Removed Pin From Net: NetName=VCC Pin=U3-8
Change Component Designator: OldDesignator=R1 NewDesignator=R13
Change Component Designator: OldDesignator=R2 NewDesignator=R14
Change Component Designator: OldDesignator=R3 NewDesignator=R17
Change Component Designator: OldDesignator=R4 NewDesignator=R18
Change Component Designator: OldDesignator=U1 NewDesignator=U2
Change Component Designator: OldDesignator=U2 NewDesignator=U1
Added Component: Designator=C1(1608[0603])
Added Component: Designator=C2(1608[0603])
Added Component: Designator=C3(1608[0603])
Added Component: Designator=C4(1608[0603])
Added Component: Designator=C5(1608[0603])
Added Component: Designator=C6(1608[0603])
Added Component: Designator=C7(1608[0603])
Added Component: Designator=C8(1608[0603])
Added Component: Designator=C9(1608[0603])
Added Component: Designator=C10(1608[0603])
Added Component: Designator=C11(1608[0603])
Added Component: Designator=C12(1608[0603])
Added Component: Designator=C13(C1206)
Added Component: Designator=C14(C1206)
Added Component: Designator=C15(C2512)
Added Component: Designator=C16(C1206)
Added Component: Designator=C17(1608[0603])
Added Component: Designator=C18(1608[0603])
Added Component: Designator=C19(1608[0603])
Added Component: Designator=P2(HDR1X14)
Added Component: Designator=R1(6-0805_N)
Added Component: Designator=R2(6-0805_N)
Added Component: Designator=R3(6-0805_N)
Added Component: Designator=R4(6-0805_N)
Added Component: Designator=R5(6-0805_N)
Added Component: Designator=R6(6-0805_N)
Added Component: Designator=R7(6-0805_N)
Added Component: Designator=R8(6-0805_N)
Added Component: Designator=R9(6-0805_N)
Added Component: Designator=R10(6-0805_N)
Added Component: Designator=R11(6-0805_N)
Added Component: Designator=R12(6-0805_N)
Added Component: Designator=R15(6-0805_N)
Added Component: Designator=R16(6-0805_N)
Added Pin To Net: NetName=GND Pin=C1-1
Added Pin To Net: NetName=GND Pin=C2-1
Added Pin To Net: NetName=GND Pin=C3-1
Added Pin To Net: NetName=GND Pin=C4-1
Added Pin To Net: NetName=GND Pin=C5-1
Added Pin To Net: NetName=GND Pin=C6-1
Added Pin To Net: NetName=GND Pin=C7-1
Added Pin To Net: NetName=GND Pin=C8-1
Added Pin To Net: NetName=GND Pin=C9-1
Added Pin To Net: NetName=GND Pin=C10-1
Added Pin To Net: NetName=GND Pin=C11-1
Added Pin To Net: NetName=GND Pin=C12-1
Added Pin To Net: NetName=GND Pin=C13-2
Added Pin To Net: NetName=GND Pin=C14-2
Added Pin To Net: NetName=GND Pin=C15-1
Added Pin To Net: NetName=GND Pin=C16-1
Added Pin To Net: NetName=GND Pin=C17-1
Added Pin To Net: NetName=GND Pin=C18-1
Added Pin To Net: NetName=GND Pin=C19-1
Added Pin To Net: NetName=BANKA_I Pin=R1-2
Added Pin To Net: NetName=BANKA_V Pin=R2-2
Added Pin To Net: NetName=BANKB_I Pin=R3-2
Added Pin To Net: NetName=BANKB_V Pin=R4-2
Added Pin To Net: NetName=BANKC_I Pin=R5-2
Added Pin To Net: NetName=BANKC_V Pin=R6-2
Added Pin To Net: NetName=FPGA_I Pin=R7-2
Added Pin To Net: NetName=FPGA_V Pin=R8-2
Added Pin To Net: NetName=SDRAM_I Pin=R9-2
Added Pin To Net: NetName=SDRAM_V Pin=R10-2
Added Pin To Net: NetName=3V3_I Pin=R11-2
Added Pin To Net: NetName=12V_I Pin=R12-2
Added Pin To Net: NetName=GND Pin=U1-20
Change Net Name : Old Net Name=NetR1_1 New Net Name=NetR13_1
Change Net Name : Old Net Name=NetR2_1 New Net Name=NetR14_1
Change Net Name : Old Net Name=VCC New Net Name=NetU2_5V@0
Added Pin To Net: NetName=3V3 Pin=C14-1
Added Pin To Net: NetName=3V3 Pin=C15-2
Added Pin To Net: NetName=3V3 Pin=C16-2
Added Pin To Net: NetName=3V3 Pin=C17-2
Added Pin To Net: NetName=3V3 Pin=P2-1
Added Pin To Net: NetName=3V3 Pin=P2-2
Added Pin To Net: NetName=3V3 Pin=P2-3
Added Pin To Net: NetName=3V3 Pin=P2-4
Added Pin To Net: NetName=3V3 Pin=P2-5
Added Pin To Net: NetName=3V3 Pin=P2-6
Added Pin To Net: NetName=3V3 Pin=P2-7
Added Pin To Net: NetName=3V3 Pin=P2-8
Added Pin To Net: NetName=3V3 Pin=P2-9
Added Pin To Net: NetName=3V3 Pin=P2-10
Added Pin To Net: NetName=3V3 Pin=P2-11
Added Pin To Net: NetName=3V3 Pin=P2-12
Added Pin To Net: NetName=3V3 Pin=P2-13
Added Pin To Net: NetName=3V3 Pin=P2-14
Added Pin To Net: NetName=3V3 Pin=U1-19
Added Pin To Net: NetName=3V3 Pin=U3-8
Added Net: Name=3V3
Added Pin To Net: NetName=5V Pin=C13-1
Added Net: Name=5V
Added Pin To Net: NetName=A0 Pin=C1-2
Added Pin To Net: NetName=A0 Pin=R1-1
Added Pin To Net: NetName=A0 Pin=U1-1
Added Net: Name=A0
Added Pin To Net: NetName=A1 Pin=C2-2
Added Pin To Net: NetName=A1 Pin=R2-1
Added Pin To Net: NetName=A1 Pin=U1-2
Added Net: Name=A1
Added Pin To Net: NetName=A2 Pin=C3-2
Added Pin To Net: NetName=A2 Pin=R3-1
Added Pin To Net: NetName=A2 Pin=U1-3
Added Net: Name=A2
Added Pin To Net: NetName=A3 Pin=C4-2
Added Pin To Net: NetName=A3 Pin=R4-1
Added Pin To Net: NetName=A3 Pin=U1-4
Added Net: Name=A3
Added Pin To Net: NetName=A4 Pin=C5-2
Added Pin To Net: NetName=A4 Pin=R5-1
Added Pin To Net: NetName=A4 Pin=U1-5
Added Net: Name=A4
Added Pin To Net: NetName=A5 Pin=C6-2
Added Pin To Net: NetName=A5 Pin=R6-1
Added Pin To Net: NetName=A5 Pin=U1-6
Added Net: Name=A5
Added Pin To Net: NetName=A6 Pin=C7-2
Added Pin To Net: NetName=A6 Pin=R7-1
Added Pin To Net: NetName=A6 Pin=U1-7
Added Net: Name=A6
Added Pin To Net: NetName=A7 Pin=C8-2
Added Pin To Net: NetName=A7 Pin=R8-1
Added Pin To Net: NetName=A7 Pin=U1-8
Added Net: Name=A7
Added Pin To Net: NetName=A8 Pin=C9-2
Added Pin To Net: NetName=A8 Pin=R9-1
Added Pin To Net: NetName=A8 Pin=U1-9
Added Net: Name=A8
Added Pin To Net: NetName=A9 Pin=C10-2
Added Pin To Net: NetName=A9 Pin=R10-1
Added Pin To Net: NetName=A9 Pin=U1-10
Added Net: Name=A9
Added Pin To Net: NetName=A10 Pin=C11-2
Added Pin To Net: NetName=A10 Pin=R11-1
Added Pin To Net: NetName=A10 Pin=U1-11
Added Net: Name=A10
Added Pin To Net: NetName=A11 Pin=C18-2
Added Pin To Net: NetName=A11 Pin=R15-1
Added Pin To Net: NetName=A11 Pin=U1-12
Added Net: Name=A11
Added Pin To Net: NetName=A12 Pin=C12-2
Added Pin To Net: NetName=A12 Pin=R12-1
Added Pin To Net: NetName=A12 Pin=U1-13
Added Net: Name=A12
Added Pin To Net: NetName=A13 Pin=C19-2
Added Pin To Net: NetName=A13 Pin=R16-1
Added Pin To Net: NetName=A13 Pin=U1-14
Added Net: Name=A13
Added Pin To Net: NetName=EOC Pin=U1-24
Added Pin To Net: NetName=EOC Pin=U2-0
Added Net: Name=EOC
Added Pin To Net: NetName=MISO Pin=U1-23
Added Pin To Net: NetName=MISO Pin=U2-MISO
Added Net: Name=MISO
Added Pin To Net: NetName=MOSI Pin=U1-22
Added Pin To Net: NetName=MOSI Pin=U2-MOSI
Added Net: Name=MOSI
Added Pin To Net: NetName=NetR15_2 Pin=R15-2
Added Pin To Net: NetName=NetR15_2 Pin=U3-1
Added Pin To Net: NetName=NetR15_2 Pin=U3-2
Added Net: Name=NetR15_2
Added Pin To Net: NetName=NetR16_2 Pin=R16-2
Added Pin To Net: NetName=NetR16_2 Pin=U3-6
Added Pin To Net: NetName=NetR16_2 Pin=U3-7
Added Net: Name=NetR16_2
Added Pin To Net: NetName=SCLK Pin=U1-21
Added Net: Name=SCLK
Added Member To Class: ClassName=Sheet1 Member=Component C1 Cap Semi
Added Member To Class: ClassName=Sheet1 Member=Component C2 Cap Semi
Added Member To Class: ClassName=Sheet1 Member=Component C3 Cap Semi
Added Member To Class: ClassName=Sheet1 Member=Component C4 Cap Semi
Added Member To Class: ClassName=Sheet1 Member=Component C5 Cap Semi
Added Member To Class: ClassName=Sheet1 Member=Component C6 Cap Semi
Added Member To Class: ClassName=Sheet1 Member=Component C7 Cap Semi
Added Member To Class: ClassName=Sheet1 Member=Component C8 Cap Semi
Added Member To Class: ClassName=Sheet1 Member=Component C9 Cap Semi
Added Member To Class: ClassName=Sheet1 Member=Component C10 Cap Semi
Added Member To Class: ClassName=Sheet1 Member=Component C11 Cap Semi
Added Member To Class: ClassName=Sheet1 Member=Component C12 Cap Semi
Added Member To Class: ClassName=Sheet1 Member=Component C13 Cap Semi
Added Member To Class: ClassName=Sheet1 Member=Component C14 Cap Semi
Added Member To Class: ClassName=Sheet1 Member=Component C15 Cap Semi
Added Member To Class: ClassName=Sheet1 Member=Component C16 Cap Semi
Added Member To Class: ClassName=Sheet1 Member=Component C17 Cap Semi
Added Member To Class: ClassName=Sheet1 Member=Component C18 Cap Semi
Added Member To Class: ClassName=Sheet1 Member=Component C19 Cap Semi
Added Member To Class: ClassName=Sheet1 Member=Component P2 Header 14
Added Member To Class: ClassName=Sheet1 Member=Component R5 Res Semi
Added Member To Class: ClassName=Sheet1 Member=Component R6 Res Semi
Added Member To Class: ClassName=Sheet1 Member=Component R7 Res Semi
Added Member To Class: ClassName=Sheet1 Member=Component R8 Res Semi
Added Member To Class: ClassName=Sheet1 Member=Component R9 Res Semi
Added Member To Class: ClassName=Sheet1 Member=Component R10 Res Semi
Added Member To Class: ClassName=Sheet1 Member=Component R11 Res Semi
Added Member To Class: ClassName=Sheet1 Member=Component R12 Res Semi
Added Member To Class: ClassName=Sheet1 Member=Component R13 Res Semi
Added Member To Class: ClassName=Sheet1 Member=Component R14 Res Semi
Added Member To Class: ClassName=Sheet1 Member=Component R15 Res Semi
Added Member To Class: ClassName=Sheet1 Member=Component R16 Res Semi
Added Member To Class: ClassName=Sheet1 Member=Component R17 Res Semi
Added Member To Class: ClassName=Sheet1 Member=Component R18 Res Semi
