Removed Pin From Net: NetName=BANKA_I Pin=P1-1
Removed Pin From Net: NetName=BANKA_V Pin=P1-2
Removed Pin From Net: NetName=BANKB_I Pin=P1-3
Removed Pin From Net: NetName=BANKB_V Pin=P1-4
Removed Pin From Net: NetName=BANKC_I Pin=P1-5
Removed Pin From Net: NetName=BANKC_V Pin=P1-6
Removed Pin From Net: NetName=FPGA_I Pin=P1-7
Removed Pin From Net: NetName=FPGA_V Pin=P1-8
Removed Pin From Net: NetName=SDRAM_I Pin=P1-9
Removed Pin From Net: NetName=SDRAM_V Pin=P1-10
Removed Pin From Net: NetName=3V3_I Pin=P1-11
Removed Pin From Net: NetName=3V3_V Pin=P1-12
Removed Pin From Net: NetName=12V_I Pin=P1-13
Removed Pin From Net: NetName=12V_V Pin=P1-14
Removed Pin From Net: NetName=GND Pin=P1-15
Removed Pin From Net: NetName=GND Pin=P1-16
Removed Pin From Net: NetName=GND Pin=P1-17
Removed Pin From Net: NetName=GND Pin=P1-18
Removed Pin From Net: NetName=GND Pin=P1-19
Removed Pin From Net: NetName=GND Pin=P1-20
Removed Pin From Net: NetName=GND Pin=P1-21
Removed Pin From Net: NetName=GND Pin=P1-22
Removed Pin From Net: NetName=GND Pin=P1-23
Removed Pin From Net: NetName=GND Pin=P1-24
Removed Pin From Net: NetName=GND Pin=P1-25
Removed Pin From Net: NetName=GND Pin=P1-26
Removed Pin From Net: NetName=GND Pin=P1-27
Removed Pin From Net: NetName=GND Pin=P1-28
Added Pin To Net: NetName=GND Pin=P1-1
Added Pin To Net: NetName=GND Pin=P1-2
Added Pin To Net: NetName=GND Pin=P1-3
Added Pin To Net: NetName=GND Pin=P1-4
Added Pin To Net: NetName=GND Pin=P1-5
Added Pin To Net: NetName=GND Pin=P1-6
Added Pin To Net: NetName=GND Pin=P1-7
Added Pin To Net: NetName=GND Pin=P1-8
Added Pin To Net: NetName=GND Pin=P1-9
Added Pin To Net: NetName=GND Pin=P1-10
Added Pin To Net: NetName=GND Pin=P1-11
Added Pin To Net: NetName=GND Pin=P1-12
Added Pin To Net: NetName=GND Pin=P1-13
Added Pin To Net: NetName=GND Pin=P1-14
Added Pin To Net: NetName=BANKA_I Pin=P1-15
Added Pin To Net: NetName=BANKA_V Pin=P1-16
Added Pin To Net: NetName=BANKB_I Pin=P1-17
Added Pin To Net: NetName=BANKB_V Pin=P1-18
Added Pin To Net: NetName=BANKC_I Pin=P1-19
Added Pin To Net: NetName=BANKC_V Pin=P1-20
Added Pin To Net: NetName=FPGA_I Pin=P1-21
Added Pin To Net: NetName=FPGA_V Pin=P1-22
Added Pin To Net: NetName=SDRAM_I Pin=P1-23
Added Pin To Net: NetName=SDRAM_V Pin=P1-24
Added Pin To Net: NetName=3V3_I Pin=P1-25
Added Pin To Net: NetName=3V3_V Pin=P1-26
Added Pin To Net: NetName=12V_I Pin=P1-27
Added Pin To Net: NetName=12V_V Pin=P1-28
Added Room: Name=Sheet1
