Added Component: Designator=C1(1608[0603])
Added Component: Designator=C2(1608[0603])
Added Component: Designator=C3(1608[0603])
Added Component: Designator=C4(1608[0603])
Added Component: Designator=C5(1608[0603])
Added Component: Designator=C6(1608[0603])
Added Component: Designator=C7(1608[0603])
Added Component: Designator=C8(1608[0603])
Added Component: Designator=C9(1608[0603])
Added Component: Designator=C10(1608[0603])
Added Component: Designator=C11(1608[0603])
Added Component: Designator=C12(1608[0603])
Added Component: Designator=C13(1608[0603])
Added Component: Designator=C14(1608[0603])
Added Component: Designator=C15(C2512)
Added Component: Designator=C16(C1206)
Added Component: Designator=C17(1608[0603])
Added Component: Designator=C18(C1206)
Added Component: Designator=C19(C1206)
Added Component: Designator=P1(HDR2X14_CEN)
Added Component: Designator=P2(HDR1X14)
Added Component: Designator=R1(1608[0603])
Added Component: Designator=R2(1608[0603])
Added Component: Designator=R3(1608[0603])
Added Component: Designator=R4(1608[0603])
Added Component: Designator=R5(1608[0603])
Added Component: Designator=R6(1608[0603])
Added Component: Designator=R7(1608[0603])
Added Component: Designator=R8(1608[0603])
Added Component: Designator=R9(1608[0603])
Added Component: Designator=R10(1608[0603])
Added Component: Designator=R11(1608[0603])
Added Component: Designator=R12(1608[0603])
Added Component: Designator=R13(1608[0603])
Added Component: Designator=R14(1608[0603])
Added Component: Designator=R15(1608[0603])
Added Component: Designator=R16(1608[0603])
Added Component: Designator=R17(1608[0603])
Added Component: Designator=R18(1608[0603])
Added Component: Designator=U1(21-0055H_24)
Added Component: Designator=U2(ARDUINO_MEGA-PRO-3.3V)
Added Component: Designator=U3(D8)
Added Component: Designator=U4(RJ_5-M)
Added Pin To Net: NetName=3V3_I Pin=P1-25
Added Pin To Net: NetName=3V3_I Pin=R11-2
Added Net: Name=3V3_I
Added Pin To Net: NetName=3V3_V Pin=P1-26
Added Pin To Net: NetName=3V3_V Pin=R17-2
Added Net: Name=3V3_V
Added Pin To Net: NetName=3V3 Pin=C15-2
Added Pin To Net: NetName=3V3 Pin=C16-2
Added Pin To Net: NetName=3V3 Pin=C17-2
Added Pin To Net: NetName=3V3 Pin=C19-1
Added Pin To Net: NetName=3V3 Pin=P2-1
Added Pin To Net: NetName=3V3 Pin=P2-2
Added Pin To Net: NetName=3V3 Pin=P2-3
Added Pin To Net: NetName=3V3 Pin=P2-4
Added Pin To Net: NetName=3V3 Pin=P2-5
Added Pin To Net: NetName=3V3 Pin=P2-6
Added Pin To Net: NetName=3V3 Pin=P2-7
Added Pin To Net: NetName=3V3 Pin=P2-8
Added Pin To Net: NetName=3V3 Pin=P2-9
Added Pin To Net: NetName=3V3 Pin=P2-10
Added Pin To Net: NetName=3V3 Pin=P2-11
Added Pin To Net: NetName=3V3 Pin=P2-12
Added Pin To Net: NetName=3V3 Pin=P2-13
Added Pin To Net: NetName=3V3 Pin=P2-14
Added Pin To Net: NetName=3V3 Pin=U1-19
Added Pin To Net: NetName=3V3 Pin=U3-8
Added Pin To Net: NetName=3V3 Pin=U4-5
Added Net: Name=3V3
Added Pin To Net: NetName=5V Pin=C18-1
Added Pin To Net: NetName=5V Pin=U2-5V@0
Added Pin To Net: NetName=5V Pin=U4-1
Added Pin To Net: NetName=5V Pin=U4-3
Added Net: Name=5V
Added Pin To Net: NetName=12V_I Pin=P1-27
Added Pin To Net: NetName=12V_I Pin=R12-2
Added Net: Name=12V_I
Added Pin To Net: NetName=12V_V Pin=P1-28
Added Pin To Net: NetName=12V_V Pin=R15-2
Added Net: Name=12V_V
Added Pin To Net: NetName=A0 Pin=C1-2
Added Pin To Net: NetName=A0 Pin=R1-1
Added Pin To Net: NetName=A0 Pin=U1-1
Added Net: Name=A0
Added Pin To Net: NetName=A1 Pin=C2-2
Added Pin To Net: NetName=A1 Pin=R2-1
Added Pin To Net: NetName=A1 Pin=U1-2
Added Net: Name=A1
Added Pin To Net: NetName=A2 Pin=C3-2
Added Pin To Net: NetName=A2 Pin=R3-1
Added Pin To Net: NetName=A2 Pin=U1-3
Added Net: Name=A2
Added Pin To Net: NetName=A3 Pin=C4-2
Added Pin To Net: NetName=A3 Pin=R4-1
Added Pin To Net: NetName=A3 Pin=U1-4
Added Net: Name=A3
Added Pin To Net: NetName=A4 Pin=C5-2
Added Pin To Net: NetName=A4 Pin=R5-1
Added Pin To Net: NetName=A4 Pin=U1-5
Added Net: Name=A4
Added Pin To Net: NetName=A5 Pin=C6-2
Added Pin To Net: NetName=A5 Pin=R6-1
Added Pin To Net: NetName=A5 Pin=U1-6
Added Net: Name=A5
Added Pin To Net: NetName=A6 Pin=C7-2
Added Pin To Net: NetName=A6 Pin=R7-1
Added Pin To Net: NetName=A6 Pin=U1-7
Added Net: Name=A6
Added Pin To Net: NetName=A7 Pin=C8-2
Added Pin To Net: NetName=A7 Pin=R8-1
Added Pin To Net: NetName=A7 Pin=U1-8
Added Net: Name=A7
Added Pin To Net: NetName=A8 Pin=C9-2
Added Pin To Net: NetName=A8 Pin=R9-1
Added Pin To Net: NetName=A8 Pin=U1-9
Added Net: Name=A8
Added Pin To Net: NetName=A9 Pin=C10-2
Added Pin To Net: NetName=A9 Pin=R10-1
Added Pin To Net: NetName=A9 Pin=U1-10
Added Net: Name=A9
Added Pin To Net: NetName=A10 Pin=C11-2
Added Pin To Net: NetName=A10 Pin=R11-1
Added Pin To Net: NetName=A10 Pin=U1-11
Added Net: Name=A10
Added Pin To Net: NetName=A11 Pin=C12-2
Added Pin To Net: NetName=A11 Pin=R12-1
Added Pin To Net: NetName=A11 Pin=U1-12
Added Net: Name=A11
Added Pin To Net: NetName=A12 Pin=C13-2
Added Pin To Net: NetName=A12 Pin=R13-1
Added Pin To Net: NetName=A12 Pin=U1-13
Added Net: Name=A12
Added Pin To Net: NetName=A13 Pin=C14-2
Added Pin To Net: NetName=A13 Pin=R14-1
Added Pin To Net: NetName=A13 Pin=U1-14
Added Net: Name=A13
Added Pin To Net: NetName=BANKA_I Pin=P1-15
Added Pin To Net: NetName=BANKA_I Pin=R1-2
Added Net: Name=BANKA_I
Added Pin To Net: NetName=BANKA_V Pin=P1-16
Added Pin To Net: NetName=BANKA_V Pin=R2-2
Added Net: Name=BANKA_V
Added Pin To Net: NetName=BANKB_I Pin=P1-17
Added Pin To Net: NetName=BANKB_I Pin=R3-2
Added Net: Name=BANKB_I
Added Pin To Net: NetName=BANKB_V Pin=P1-18
Added Pin To Net: NetName=BANKB_V Pin=R4-2
Added Net: Name=BANKB_V
Added Pin To Net: NetName=BANKC_I Pin=P1-19
Added Pin To Net: NetName=BANKC_I Pin=R5-2
Added Net: Name=BANKC_I
Added Pin To Net: NetName=BANKC_V Pin=P1-20
Added Pin To Net: NetName=BANKC_V Pin=R6-2
Added Net: Name=BANKC_V
Added Pin To Net: NetName=EOC Pin=U1-24
Added Pin To Net: NetName=EOC Pin=U2-0
Added Net: Name=EOC
Added Pin To Net: NetName=FPGA_I Pin=P1-21
Added Pin To Net: NetName=FPGA_I Pin=R7-2
Added Net: Name=FPGA_I
Added Pin To Net: NetName=FPGA_V Pin=P1-22
Added Pin To Net: NetName=FPGA_V Pin=R8-2
Added Net: Name=FPGA_V
Added Pin To Net: NetName=GND Pin=C1-1
Added Pin To Net: NetName=GND Pin=C2-1
Added Pin To Net: NetName=GND Pin=C3-1
Added Pin To Net: NetName=GND Pin=C4-1
Added Pin To Net: NetName=GND Pin=C5-1
Added Pin To Net: NetName=GND Pin=C6-1
Added Pin To Net: NetName=GND Pin=C7-1
Added Pin To Net: NetName=GND Pin=C8-1
Added Pin To Net: NetName=GND Pin=C9-1
Added Pin To Net: NetName=GND Pin=C10-1
Added Pin To Net: NetName=GND Pin=C11-1
Added Pin To Net: NetName=GND Pin=C12-1
Added Pin To Net: NetName=GND Pin=C13-1
Added Pin To Net: NetName=GND Pin=C14-1
Added Pin To Net: NetName=GND Pin=C15-1
Added Pin To Net: NetName=GND Pin=C16-1
Added Pin To Net: NetName=GND Pin=C17-1
Added Pin To Net: NetName=GND Pin=C18-2
Added Pin To Net: NetName=GND Pin=C19-2
Added Pin To Net: NetName=GND Pin=P1-1
Added Pin To Net: NetName=GND Pin=P1-2
Added Pin To Net: NetName=GND Pin=P1-3
Added Pin To Net: NetName=GND Pin=P1-4
Added Pin To Net: NetName=GND Pin=P1-5
Added Pin To Net: NetName=GND Pin=P1-6
Added Pin To Net: NetName=GND Pin=P1-7
Added Pin To Net: NetName=GND Pin=P1-8
Added Pin To Net: NetName=GND Pin=P1-9
Added Pin To Net: NetName=GND Pin=P1-10
Added Pin To Net: NetName=GND Pin=P1-11
Added Pin To Net: NetName=GND Pin=P1-12
Added Pin To Net: NetName=GND Pin=P1-13
Added Pin To Net: NetName=GND Pin=P1-14
Added Pin To Net: NetName=GND Pin=R16-1
Added Pin To Net: NetName=GND Pin=R18-1
Added Pin To Net: NetName=GND Pin=U1-18
Added Pin To Net: NetName=GND Pin=U1-20
Added Pin To Net: NetName=GND Pin=U2-GND@0
Added Pin To Net: NetName=GND Pin=U2-GND@1
Added Pin To Net: NetName=GND Pin=U2-GND@2
Added Pin To Net: NetName=GND Pin=U2-GND@3
Added Pin To Net: NetName=GND Pin=U2-GND@4
Added Pin To Net: NetName=GND Pin=U3-4
Added Pin To Net: NetName=GND Pin=U4-2
Added Net: Name=GND
Added Pin To Net: NetName=MISO Pin=U1-23
Added Pin To Net: NetName=MISO Pin=U2-MISO
Added Net: Name=MISO
Added Pin To Net: NetName=MOSI Pin=U1-22
Added Pin To Net: NetName=MOSI Pin=U2-MOSI
Added Net: Name=MOSI
Added Pin To Net: NetName=NetR13_2 Pin=R13-2
Added Pin To Net: NetName=NetR13_2 Pin=U3-1
Added Pin To Net: NetName=NetR13_2 Pin=U3-2
Added Net: Name=NetR13_2
Added Pin To Net: NetName=NetR14_2 Pin=R14-2
Added Pin To Net: NetName=NetR14_2 Pin=U3-6
Added Pin To Net: NetName=NetR14_2 Pin=U3-7
Added Net: Name=NetR14_2
Added Pin To Net: NetName=NetR15_1 Pin=R15-1
Added Pin To Net: NetName=NetR15_1 Pin=R16-2
Added Pin To Net: NetName=NetR15_1 Pin=U3-5
Added Net: Name=NetR15_1
Added Pin To Net: NetName=NetR17_1 Pin=R17-1
Added Pin To Net: NetName=NetR17_1 Pin=R18-2
Added Pin To Net: NetName=NetR17_1 Pin=U3-3
Added Net: Name=NetR17_1
Added Pin To Net: NetName=SCLK Pin=U1-21
Added Pin To Net: NetName=SCLK Pin=U2-SCLK
Added Net: Name=SCLK
Added Pin To Net: NetName=SDRAM_I Pin=P1-23
Added Pin To Net: NetName=SDRAM_I Pin=R9-2
Added Net: Name=SDRAM_I
Added Pin To Net: NetName=SDRAM_V Pin=P1-24
Added Pin To Net: NetName=SDRAM_V Pin=R10-2
Added Net: Name=SDRAM_V
Added Class: Name=Sheet1
Added Room: Name=Sheet1
