Added Component: Designator=J1(0923248x824)
Added Component: Designator=J2(KLD-0202)
Added Component: Designator=P1(HDR1X3H)
Added Component: Designator=P2(HDR1X3H)
Added Component: Designator=P3(HDR1X4H)
Added Component: Designator=R1(AXIAL-0.3)
Added Component: Designator=R2(AXIAL-0.3)
Added Component: Designator=R3(AXIAL-0.3)
Added Component: Designator=R4(AXIAL-0.3)
Added Pin To Net: NetName=+3V Pin=J1-C1
Added Pin To Net: NetName=+3V Pin=P3-3
Added Pin To Net: NetName=+3V Pin=R1-2
Added Pin To Net: NetName=+3V Pin=R2-2
Added Pin To Net: NetName=+3V Pin=R3-2
Added Pin To Net: NetName=+3V Pin=R4-2
Added Net: Name=+3V
Added Pin To Net: NetName=+12V Pin=J1-C9
Added Pin To Net: NetName=+12V Pin=J1-C10
Added Pin To Net: NetName=+12V Pin=J1-C11
Added Pin To Net: NetName=+12V Pin=J1-C12
Added Pin To Net: NetName=+12V Pin=J1-C13
Added Pin To Net: NetName=+12V Pin=J1-C14
Added Pin To Net: NetName=+12V Pin=J1-C15
Added Pin To Net: NetName=+12V Pin=J1-C16
Added Pin To Net: NetName=+12V Pin=J2-1
Added Pin To Net: NetName=+12V Pin=J2-1A
Added Pin To Net: NetName=+12V Pin=J2-1B
Added Pin To Net: NetName=+12V Pin=P1-2
Added Pin To Net: NetName=+12V Pin=P2-2
Added Net: Name=+12V
Added Pin To Net: NetName=GND Pin=J1-A9
Added Pin To Net: NetName=GND Pin=J1-A10
Added Pin To Net: NetName=GND Pin=J1-A11
Added Pin To Net: NetName=GND Pin=J1-A12
Added Pin To Net: NetName=GND Pin=J1-A13
Added Pin To Net: NetName=GND Pin=J1-A14
Added Pin To Net: NetName=GND Pin=J1-A15
Added Pin To Net: NetName=GND Pin=J1-A16
Added Pin To Net: NetName=GND Pin=J2-2
Added Pin To Net: NetName=GND Pin=J2-2A
Added Pin To Net: NetName=GND Pin=J2-2B
Added Pin To Net: NetName=GND Pin=P1-1
Added Pin To Net: NetName=GND Pin=P2-1
Added Pin To Net: NetName=GND Pin=P3-1
Added Net: Name=GND
Added Pin To Net: NetName=NetJ2_3 Pin=J2-3
Added Pin To Net: NetName=NetJ2_3 Pin=J2-3A
Added Pin To Net: NetName=NetJ2_3 Pin=J2-3B
Added Net: Name=NetJ2_3
Added Pin To Net: NetName=SCL Pin=J1-C8
Added Pin To Net: NetName=SCL Pin=P3-2
Added Pin To Net: NetName=SCL Pin=R4-1
Added Net: Name=SCL
Added Pin To Net: NetName=SDA Pin=J1-A8
Added Pin To Net: NetName=SDA Pin=P3-4
Added Pin To Net: NetName=SDA Pin=R3-1
Added Net: Name=SDA
Added Pin To Net: NetName=SENSE1 Pin=J1-A2
Added Pin To Net: NetName=SENSE1 Pin=P1-3
Added Pin To Net: NetName=SENSE1 Pin=R1-1
Added Net: Name=SENSE1
Added Pin To Net: NetName=SENSE2 Pin=J1-C2
Added Pin To Net: NetName=SENSE2 Pin=P2-3
Added Pin To Net: NetName=SENSE2 Pin=R2-1
Added Net: Name=SENSE2
Added Class: Name=PowerSchematic
Added Room: Name=PowerSchematic
