Added Component: Designator=P1(HDR2X2)
Added Component: Designator=P2(HDR2X3)
Added Component: Designator=U1(21-0057F)
Added Pin To Net: NetName=NetP1_1 Pin=P1-1
Added Pin To Net: NetName=NetP1_1 Pin=P2-1
Added Pin To Net: NetName=NetP1_1 Pin=P2-3
Added Pin To Net: NetName=NetP1_1 Pin=P2-5
Added Pin To Net: NetName=NetP1_1 Pin=U1-4
Added Net: Name=NetP1_1
Added Pin To Net: NetName=NetP1_2 Pin=P1-2
Added Pin To Net: NetName=NetP1_2 Pin=U1-1
Added Net: Name=NetP1_2
Added Pin To Net: NetName=NetP1_3 Pin=P1-3
Added Pin To Net: NetName=NetP1_3 Pin=U1-3
Added Net: Name=NetP1_3
Added Pin To Net: NetName=NetP1_4 Pin=P1-4
Added Pin To Net: NetName=NetP1_4 Pin=U1-2
Added Net: Name=NetP1_4
Added Pin To Net: NetName=NetP2_2 Pin=P2-2
Added Pin To Net: NetName=NetP2_2 Pin=P2-4
Added Pin To Net: NetName=NetP2_2 Pin=P2-6
Added Pin To Net: NetName=NetP2_2 Pin=U1-5
Added Net: Name=NetP2_2
Added Class: Name=Sheet1
Added Room: Name=Sheet1
